0 info it worked if it ends with ok
1 verbose cli [ 'C:\\Program Files\\nodejs\\node.exe',
1 verbose cli   'C:\\Program Files\\nodejs\\node_modules\\npm\\bin\\npm-cli.js',
1 verbose cli   'start' ]
2 info using npm@4.1.2
3 info using node@v7.7.0
4 verbose run-script [ 'prestart', 'start', 'poststart' ]
5 info lifecycle text-classifer@1.0.0~prestart: text-classifer@1.0.0
6 silly lifecycle text-classifer@1.0.0~prestart: no script for prestart, continuing
7 info lifecycle text-classifer@1.0.0~start: text-classifer@1.0.0
8 verbose lifecycle text-classifer@1.0.0~start: unsafe-perm in lifecycle true
9 verbose lifecycle text-classifer@1.0.0~start: PATH: C:\Program Files\nodejs\node_modules\npm\bin\node-gyp-bin;C:\Users\Caio\Desktop\text-classifer\node_modules\.bin;C:\Users\Caio\AppData\Roaming\npm;C:\Program Files\nodejs\;C:\ProgramData\Oracle\Java\javapath;C:\Program Files (x86)\Intel\iCLS Client\;C:\Program Files\Intel\iCLS Client\;C:\WINDOWS\system32;C:\WINDOWS;C:\WINDOWS\System32\Wbem;C:\WINDOWS\System32\WindowsPowerShell\v1.0\;C:\Program Files\Intel\Intel(R) Management Engine Components\DAL;C:\Program Files\Intel\Intel(R) Management Engine Components\IPT;C:\Program Files (x86)\Intel\Intel(R) Management Engine Components\DAL;C:\Program Files (x86)\Intel\Intel(R) Management Engine Components\IPT;C:\Program Files (x86)\QuickTime Alternative\QTSystem;C:\TDM-GCC-64\bin;C:\Program Files (x86)\Skype\Phone\;C:\QuoGol-IDE\IDE\lua-5.3.3\;C:\QuoGol-IDE\IDE;C:\QuoGol-IDE\IDE\lua-5.3.3\src;C:\Program Files\nodejs\;C:\Program Files\Git\cmd;C:\QuoGol-IDE\IDE\lua-5.3.3\src;C:\Program Files (x86)\Microsoft VS Code\bin;C:\Users\Caio\AppData\Roaming\npm;C:\Program Files\Docker Toolbox
10 verbose lifecycle text-classifer@1.0.0~start: CWD: C:\Users\Caio\Desktop\text-classifer
11 silly lifecycle text-classifer@1.0.0~start: Args: [ '/d /s /c',
11 silly lifecycle   'nodemon example.js --exec babel-node --presets=latest' ]
12 silly lifecycle text-classifer@1.0.0~start: Returned: code: 3221225786  signal: null
13 info lifecycle text-classifer@1.0.0~start: Failed to exec start script
14 verbose stack Error: text-classifer@1.0.0 start: `nodemon example.js --exec babel-node --presets=latest`
14 verbose stack Exit status 3221225786
14 verbose stack     at EventEmitter.<anonymous> (C:\Program Files\nodejs\node_modules\npm\lib\utils\lifecycle.js:279:16)
14 verbose stack     at emitTwo (events.js:106:13)
14 verbose stack     at EventEmitter.emit (events.js:194:7)
14 verbose stack     at ChildProcess.<anonymous> (C:\Program Files\nodejs\node_modules\npm\lib\utils\spawn.js:40:14)
14 verbose stack     at emitTwo (events.js:106:13)
14 verbose stack     at ChildProcess.emit (events.js:194:7)
14 verbose stack     at maybeClose (internal/child_process.js:899:16)
14 verbose stack     at Process.ChildProcess._handle.onexit (internal/child_process.js:226:5)
15 verbose pkgid text-classifer@1.0.0
16 verbose cwd C:\Users\Caio\Desktop\text-classifer
17 error Windows_NT 10.0.14393
18 error argv "C:\\Program Files\\nodejs\\node.exe" "C:\\Program Files\\nodejs\\node_modules\\npm\\bin\\npm-cli.js" "start"
19 error node v7.7.0
20 error npm  v4.1.2
21 error code ELIFECYCLE
22 error text-classifer@1.0.0 start: `nodemon example.js --exec babel-node --presets=latest`
22 error Exit status 3221225786
23 error Failed at the text-classifer@1.0.0 start script 'nodemon example.js --exec babel-node --presets=latest'.
23 error Make sure you have the latest version of node.js and npm installed.
23 error If you do, this is most likely a problem with the text-classifer package,
23 error not with npm itself.
23 error Tell the author that this fails on your system:
23 error     nodemon example.js --exec babel-node --presets=latest
23 error You can get information on how to open an issue for this project with:
23 error     npm bugs text-classifer
23 error Or if that isn't available, you can get their info via:
23 error     npm owner ls text-classifer
23 error There is likely additional logging output above.
24 verbose exit [ 1, true ]
